2024-06-03 01:27:44 [31merror[39m: invalid payload
2024-06-03 02:08:08 [31merror[39m: uncaughtException: callback is not a function
TypeError: callback is not a function
    at Socket.<anonymous> (C:\Users\Brunex790\Documents\MY CODE\Whatsapp\Backend\server.js:175:5)
    at process.processTicksAndRejections (node:internal/process/task_queues:95:5)
2024-06-03 02:08:08 [31merror[39m: uncaughtException: callback is not a function
TypeError: callback is not a function
    at Socket.<anonymous> (C:\Users\Brunex790\Documents\MY CODE\Whatsapp\Backend\server.js:175:5)
    at process.processTicksAndRejections (node:internal/process/task_queues:95:5)
2024-06-03 02:08:21 [31merror[39m: uncaughtException: callback is not a function
TypeError: callback is not a function
    at Socket.<anonymous> (C:\Users\Brunex790\Documents\MY CODE\Whatsapp\Backend\server.js:175:5)
    at process.processTicksAndRejections (node:internal/process/task_queues:95:5)
2024-06-03 02:08:21 [31merror[39m: uncaughtException: callback is not a function
TypeError: callback is not a function
    at Socket.<anonymous> (C:\Users\Brunex790\Documents\MY CODE\Whatsapp\Backend\server.js:175:5)
    at process.processTicksAndRejections (node:internal/process/task_queues:95:5)
2024-06-03 02:47:49 [31merror[39m: uncaughtException: getaddrinfo ENOTFOUND ac-hlvgiqg-shard-00-02.dojzn4q.mongodb.net
MongoServerSelectionError: getaddrinfo ENOTFOUND ac-hlvgiqg-shard-00-02.dojzn4q.mongodb.net
    at Topology.selectServer (C:\Users\Brunex790\Documents\MY CODE\Whatsapp\Backend\node_modules\mongodb\lib\sdam\topology.js:303:38)
    at async executeOperation (C:\Users\Brunex790\Documents\MY CODE\Whatsapp\Backend\node_modules\mongodb\lib\operations\execute_operation.js:101:20)
    at async FindCursor._initialize (C:\Users\Brunex790\Documents\MY CODE\Whatsapp\Backend\node_modules\mongodb\lib\cursor\find_cursor.js:58:26)
    at async [kInit] (C:\Users\Brunex790\Documents\MY CODE\Whatsapp\Backend\node_modules\mongodb\lib\cursor\abstract_cursor.js:463:27)
    at async next (C:\Users\Brunex790\Documents\MY CODE\Whatsapp\Backend\node_modules\mongodb\lib\cursor\abstract_cursor.js:520:13)
    at async FindCursor.next (C:\Users\Brunex790\Documents\MY CODE\Whatsapp\Backend\node_modules\mongodb\lib\cursor\abstract_cursor.js:237:16)
    at async Collection.findOne (C:\Users\Brunex790\Documents\MY CODE\Whatsapp\Backend\node_modules\mongodb\lib\collection.js:275:21)
    at async model.Query._findOne (C:\Users\Brunex790\Documents\MY CODE\Whatsapp\Backend\node_modules\mongoose\lib\query.js:2539:15)
    at async model.Query.exec (C:\Users\Brunex790\Documents\MY CODE\Whatsapp\Backend\node_modules\mongoose\lib\query.js:4342:63)
    at async Socket.<anonymous> (C:\Users\Brunex790\Documents\MY CODE\Whatsapp\Backend\server.js:64:18)
2024-06-03 02:47:50 [31merror[39m: 500 - getaddrinfo ENOTFOUND ac-hlvgiqg-shard-00-02.dojzn4q.mongodb.net - /api/v1/auth/refreshToken - POST - ::1
2024-06-03 09:45:33 [31merror[39m: 401 - Invalid email or password - /api/v1/auth/login - POST - ::1
2024-06-03 09:45:43 [31merror[39m: 401 - Invalid email or password - /api/v1/auth/login - POST - ::1
2024-06-03 09:46:06 [31merror[39m: 401 - Invalid email or password - /api/v1/auth/login - POST - ::1
2024-06-03 09:46:39 [31merror[39m: 401 - Invalid email or password - /api/v1/auth/login - POST - ::1
2024-06-03 09:48:30 [31merror[39m: 401 - Invalid email or password - /api/v1/auth/login - POST - ::1
2024-06-03 09:49:53 [31merror[39m: 401 - Invalid email or password - /api/v1/auth/login - POST - ::1
2024-06-03 09:50:20 [31merror[39m: 401 - Invalid email or password - /api/v1/auth/login - POST - ::1
2024-06-03 09:52:24 [31merror[39m: 404 - Can't find /api/v1/auth/register on this server! - /api/v1/auth/register - POST - ::1
2024-06-03 10:45:50 [31merror[39m: 401 - Invalid email or password - /api/v1/auth/login - POST - ::1
2024-06-03 10:47:35 [31merror[39m: 400 - User already exists - /api/v1/auth/signup - POST - ::1
2024-06-03 11:45:21 [31merror[39m: 401 - Please login to continue - /api/v1/auth/refreshToken - POST - ::1
2024-06-03 18:17:47 [31merror[39m: 401 - Please login to continue - /api/v1/auth/refreshToken - POST - ::1
